[02-Jul-2017 23:25:45 Asia/Tokyo] PHP Parse error:  syntax error, unexpected end of file in /home/ubuntu/workspace/kadai-tasklist/storage/framework/views/70f93fa0037e969ff5b6cad04d70b03b on line 12
[02-Jul-2017 23:25:45 Asia/Tokyo] PHP Stack trace:
[02-Jul-2017 23:25:45 Asia/Tokyo] PHP   1. {main}() /home/ubuntu/workspace/kadai-tasklist/server.php:0
[02-Jul-2017 23:25:45 Asia/Tokyo] PHP   2. require_once() /home/ubuntu/workspace/kadai-tasklist/server.php:21
[02-Jul-2017 23:25:45 Asia/Tokyo] PHP   3. Illuminate\Foundation\Http\Kernel->handle() /home/ubuntu/workspace/kadai-tasklist/public/index.php:54
[02-Jul-2017 23:25:45 Asia/Tokyo] PHP   4. Illuminate\Foundation\Http\Kernel->sendRequestThroughRouter() /home/ubuntu/workspace/kadai-tasklist/vendor/laravel/framework/src/Illuminate/Foundation/Http/Kernel.php:87
[02-Jul-2017 23:25:45 Asia/Tokyo] PHP   5. Illuminate\Pipeline\Pipeline->then() /home/ubuntu/workspace/kadai-tasklist/vendor/laravel/framework/src/Illuminate/Foundation/Http/Kernel.php:122
[02-Jul-2017 23:25:45 Asia/Tokyo] PHP   6. call_user_func:{/home/ubuntu/workspace/kadai-tasklist/vendor/laravel/framework/src/Illuminate/Pipeline/Pipeline.php:103}() /home/ubuntu/workspace/kadai-tasklist/vendor/laravel/framework/src/Illuminate/Pipeline/Pipeline.php:103
[02-Jul-2017 23:25:45 Asia/Tokyo] PHP   7. Illuminate\Pipeline\Pipeline->Illuminate\Pipeline\{closure}() /home/ubuntu/workspace/kadai-tasklist/vendor/laravel/framework/src/Illuminate/Pipeline/Pipeline.php:103
[02-Jul-2017 23:25:45 Asia/Tokyo] PHP   8. call_user_func_array:{/home/ubuntu/workspace/kadai-tasklist/vendor/laravel/framework/src/Illuminate/Pipeline/Pipeline.php:124}() /home/ubuntu/workspace/kadai-tasklist/vendor/laravel/framework/src/Illuminate/Pipeline/Pipeline.php:124
[02-Jul-2017 23:25:45 Asia/Tokyo] PHP   9. Illuminate\Foundation\Http\Middleware\CheckForMaintenanceMode->handle() /home/ubuntu/workspace/kadai-tasklist/vendor/laravel/framework/src/Illuminate/Pipeline/Pipeline.php:124
[02-Jul-2017 23:25:45 Asia/Tokyo] PHP  10. Illuminate\Pipeline\Pipeline->Illuminate\Pipeline\{closure}() /home/ubuntu/workspace/kadai-tasklist/vendor/laravel/framework/src/Illuminate/Foundation/Http/Middleware/CheckForMaintenanceMode.php:44
[02-Jul-2017 23:25:45 Asia/Tokyo] PHP  11. call_user_func_array:{/home/ubuntu/workspace/kadai-tasklist/vendor/laravel/framework/src/Illuminate/Pipeline/Pipeline.php:124}() /home/ubuntu/workspace/kadai-tasklist/vendor/laravel/framework/src/Illuminate/Pipeline/Pipeline.php:124
[02-Jul-2017 23:25:45 Asia/Tokyo] PHP  12. Illuminate\Cookie\Middleware\EncryptCookies->handle() /home/ubuntu/workspace/kadai-tasklist/vendor/laravel/framework/src/Illuminate/Pipeline/Pipeline.php:124
[02-Jul-2017 23:25:45 Asia/Tokyo] PHP  13. Illuminate\Pipeline\Pipeline->Illuminate\Pipeline\{closure}() /home/ubuntu/workspace/kadai-tasklist/vendor/laravel/framework/src/Illuminate/Cookie/Middleware/EncryptCookies.php:59
[02-Jul-2017 23:25:45 Asia/Tokyo] PHP  14. call_user_func_array:{/home/ubuntu/workspace/kadai-tasklist/vendor/laravel/framework/src/Illuminate/Pipeline/Pipeline.php:124}() /home/ubuntu/workspace/kadai-tasklist/vendor/laravel/framework/src/Illuminate/Pipeline/Pipeline.php:124
[02-Jul-2017 23:25:45 Asia/Tokyo] PHP  15. Illuminate\Cookie\Middleware\AddQueuedCookiesToResponse->handle() /home/ubuntu/workspace/kadai-tasklist/vendor/laravel/framework/src/Illuminate/Pipeline/Pipeline.php:124
[02-Jul-2017 23:25:45 Asia/Tokyo] PHP  16. Illuminate\Pipeline\Pipeline->Illuminate\Pipeline\{closure}() /home/ubuntu/workspace/kadai-tasklist/vendor/laravel/framework/src/Illuminate/Cookie/Middleware/AddQueuedCookiesToResponse.php:37
[02-Jul-2017 23:25:45 Asia/Tokyo] PHP  17. call_user_func_array:{/home/ubuntu/workspace/kadai-tasklist/vendor/laravel/framework/src/Illuminate/Pipeline/Pipeline.php:124}() /home/ubuntu/workspace/kadai-tasklist/vendor/laravel/framework/src/Illuminate/Pipeline/Pipeline.php:124
[02-Jul-2017 23:25:45 Asia/Tokyo] PHP  18. Illuminate\Session\Middleware\StartSession->handle() /home/ubuntu/workspace/kadai-tasklist/vendor/laravel/framework/src/Illuminate/Pipeline/Pipeline.php:124
[02-Jul-2017 23:25:45 Asia/Tokyo] PHP  19. Illuminate\Pipeline\Pipeline->Illuminate\Pipeline\{closure}() /home/ubuntu/workspace/kadai-tasklist/vendor/laravel/framework/src/Illuminate/Session/Middleware/StartSession.php:62
[02-Jul-2017 23:25:45 Asia/Tokyo] PHP  20. call_user_func_array:{/home/ubuntu/workspace/kadai-tasklist/vendor/laravel/framework/src/Illuminate/Pipeline/Pipeline.php:124}() /home/ubuntu/workspace/kadai-tasklist/vendor/laravel/framework/src/Illuminate/Pipeline/Pipeline.php:124
[02-Jul-2017 23:25:45 Asia/Tokyo] PHP  21. Illuminate\View\Middleware\ShareErrorsFromSession->handle() /home/ubuntu/workspace/kadai-tasklist/vendor/laravel/framework/src/Illuminate/Pipeline/Pipeline.php:124
[02-Jul-2017 23:25:45 Asia/Tokyo] PHP  22. Illuminate\Pipeline\Pipeline->Illuminate\Pipeline\{closure}() /home/ubuntu/workspace/kadai-tasklist/vendor/laravel/framework/src/Illuminate/View/Middleware/ShareErrorsFromSession.php:49
[02-Jul-2017 23:25:45 Asia/Tokyo] PHP  23. call_user_func_array:{/home/ubuntu/workspace/kadai-tasklist/vendor/laravel/framework/src/Illuminate/Pipeline/Pipeline.php:124}() /home/ubuntu/workspace/kadai-tasklist/vendor/laravel/framework/src/Illuminate/Pipeline/Pipeline.php:124
[02-Jul-2017 23:25:45 Asia/Tokyo] PHP  24. Illuminate\Foundation\Http\Middleware\VerifyCsrfToken->handle() /home/ubuntu/workspace/kadai-tasklist/vendor/laravel/framework/src/Illuminate/Pipeline/Pipeline.php:124
[02-Jul-2017 23:25:45 Asia/Tokyo] PHP  25. Illuminate\Pipeline\Pipeline->Illuminate\Pipeline\{closure}() /home/ubuntu/workspace/kadai-tasklist/vendor/laravel/framework/src/Illuminate/Foundation/Http/Middleware/VerifyCsrfToken.php:50
[02-Jul-2017 23:25:45 Asia/Tokyo] PHP  26. call_user_func:{/home/ubuntu/workspace/kadai-tasklist/vendor/laravel/framework/src/Illuminate/Pipeline/Pipeline.php:139}() /home/ubuntu/workspace/kadai-tasklist/vendor/laravel/framework/src/Illuminate/Pipeline/Pipeline.php:139
[02-Jul-2017 23:25:45 Asia/Tokyo] PHP  27. Illuminate\Foundation\Http\Kernel->Illuminate\Foundation\Http\{closure}() /home/ubuntu/workspace/kadai-tasklist/vendor/laravel/framework/src/Illuminate/Pipeline/Pipeline.php:139
[02-Jul-2017 23:25:45 Asia/Tokyo] PHP  28. Illuminate\Routing\Router->dispatch() /home/ubuntu/workspace/kadai-tasklist/vendor/laravel/framework/src/Illuminate/Foundation/Http/Kernel.php:236
[02-Jul-2017 23:25:45 Asia/Tokyo] PHP  29. Illuminate\Routing\Router->dispatchToRoute() /home/ubuntu/workspace/kadai-tasklist/vendor/laravel/framework/src/Illuminate/Routing/Router.php:635
[02-Jul-2017 23:25:45 Asia/Tokyo] PHP  30. Illuminate\Routing\Router->runRouteWithinStack() /home/ubuntu/workspace/kadai-tasklist/vendor/laravel/framework/src/Illuminate/Routing/Router.php:675
[02-Jul-2017 23:25:45 Asia/Tokyo] PHP  31. Illuminate\Pipeline\Pipeline->then() /home/ubuntu/workspace/kadai-tasklist/vendor/laravel/framework/src/Illuminate/Routing/Router.php:710
[02-Jul-2017 23:25:45 Asia/Tokyo] PHP  32. call_user_func:{/home/ubuntu/workspace/kadai-tasklist/vendor/laravel/framework/src/Illuminate/Pipeline/Pipeline.php:103}() /home/ubuntu/workspace/kadai-tasklist/vendor/laravel/framework/src/Illuminate/Pipeline/Pipeline.php:103
[02-Jul-2017 23:25:45 Asia/Tokyo] PHP  33. Illuminate\Pipeline\Pipeline->Illuminate\Pipeline\{closure}() /home/ubuntu/workspace/kadai-tasklist/vendor/laravel/framework/src/Illuminate/Pipeline/Pipeline.php:103
[02-Jul-2017 23:25:45 Asia/Tokyo] PHP  34. call_user_func:{/home/ubuntu/workspace/kadai-tasklist/vendor/laravel/framework/src/Illuminate/Pipeline/Pipeline.php:139}() /home/ubuntu/workspace/kadai-tasklist/vendor/laravel/framework/src/Illuminate/Pipeline/Pipeline.php:139
[02-Jul-2017 23:25:45 Asia/Tokyo] PHP  35. Illuminate\Routing\Router->Illuminate\Routing\{closure}() /home/ubuntu/workspace/kadai-tasklist/vendor/laravel/framework/src/Illuminate/Pipeline/Pipeline.php:139
[02-Jul-2017 23:25:45 Asia/Tokyo] PHP  36. Illuminate\Routing\Route->run() /home/ubuntu/workspace/kadai-tasklist/vendor/laravel/framework/src/Illuminate/Routing/Router.php:708
[02-Jul-2017 23:25:45 Asia/Tokyo] PHP  37. Illuminate\Routing\Route->runWithCustomDispatcher() /home/ubuntu/workspace/kadai-tasklist/vendor/laravel/framework/src/Illuminate/Routing/Route.php:134
[02-Jul-2017 23:25:45 Asia/Tokyo] PHP  38. Illuminate\Routing\ControllerDispatcher->dispatch() /home/ubuntu/workspace/kadai-tasklist/vendor/laravel/framework/src/Illuminate/Routing/Route.php:203
[02-Jul-2017 23:25:45 Asia/Tokyo] PHP  39. Illuminate\Routing\ControllerDispatcher->callWithinStack() /home/ubuntu/workspace/kadai-tasklist/vendor/laravel/framework/src/Illuminate/Routing/ControllerDispatcher.php:69
[02-Jul-2017 23:25:45 Asia/Tokyo] PHP  40. Illuminate\Pipeline\Pipeline->then() /home/ubuntu/workspace/kadai-tasklist/vendor/laravel/framework/src/Illuminate/Routing/ControllerDispatcher.php:114
[02-Jul-2017 23:25:45 Asia/Tokyo] PHP  41. call_user_func:{/home/ubuntu/workspace/kadai-tasklist/vendor/laravel/framework/src/Illuminate/Pipeline/Pipeline.php:103}() /home/ubuntu/workspace/kadai-tasklist/vendor/laravel/framework/src/Illuminate/Pipeline/Pipeline.php:103
[02-Jul-2017 23:25:45 Asia/Tokyo] PHP  42. Illuminate\Pipeline\Pipeline->Illuminate\Pipeline\{closure}() /home/ubuntu/workspace/kadai-tasklist/vendor/laravel/framework/src/Illuminate/Pipeline/Pipeline.php:103
[02-Jul-2017 23:25:45 Asia/Tokyo] PHP  43. call_user_func:{/home/ubuntu/workspace/kadai-tasklist/vendor/laravel/framework/src/Illuminate/Pipeline/Pipeline.php:139}() /home/ubuntu/workspace/kadai-tasklist/vendor/laravel/framework/src/Illuminate/Pipeline/Pipeline.php:139
[02-Jul-2017 23:25:45 Asia/Tokyo] PHP  44. Illuminate\Routing\ControllerDispatcher->Illuminate\Routing\{closure}() /home/ubuntu/workspace/kadai-tasklist/vendor/laravel/framework/src/Illuminate/Pipeline/Pipeline.php:139
[02-Jul-2017 23:25:45 Asia/Tokyo] PHP  45. Illuminate\Routing\Router->prepareResponse() /home/ubuntu/workspace/kadai-tasklist/vendor/laravel/framework/src/Illuminate/Routing/ControllerDispatcher.php:113
[02-Jul-2017 23:25:45 Asia/Tokyo] PHP  46. Symfony\Component\HttpFoundation\Response->__construct() /home/ubuntu/workspace/kadai-tasklist/vendor/laravel/framework/src/Illuminate/Routing/Router.php:1229
[02-Jul-2017 23:25:45 Asia/Tokyo] PHP  47. Illuminate\Http\Response->setContent() /home/ubuntu/workspace/kadai-tasklist/vendor/symfony/http-foundation/Response.php:202
[02-Jul-2017 23:25:45 Asia/Tokyo] PHP  48. Illuminate\View\View->render() /home/ubuntu/workspace/kadai-tasklist/vendor/laravel/framework/src/Illuminate/Http/Response.php:51
[02-Jul-2017 23:25:45 Asia/Tokyo] PHP  49. Illuminate\View\View->renderContents() /home/ubuntu/workspace/kadai-tasklist/vendor/laravel/framework/src/Illuminate/View/View.php:83
[02-Jul-2017 23:25:45 Asia/Tokyo] PHP  50. Illuminate\View\View->getContents() /home/ubuntu/workspace/kadai-tasklist/vendor/laravel/framework/src/Illuminate/View/View.php:118
[02-Jul-2017 23:25:45 Asia/Tokyo] PHP  51. Illuminate\View\Engines\CompilerEngine->get() /home/ubuntu/workspace/kadai-tasklist/vendor/laravel/framework/src/Illuminate/View/View.php:147
[02-Jul-2017 23:25:45 Asia/Tokyo] PHP  52. Illuminate\View\Engines\PhpEngine->evaluatePath() /home/ubuntu/workspace/kadai-tasklist/vendor/laravel/framework/src/Illuminate/View/Engines/CompilerEngine.php:58
[04-Jul-2017 16:26:40 Asia/Tokyo] PHP Fatal error:  Class 'App\Http\Controllers\task' not found in /home/ubuntu/workspace/kadai-tasklist/app/Http/Controllers/tasksController.php on line 77
[04-Jul-2017 16:26:40 Asia/Tokyo] PHP Stack trace:
[04-Jul-2017 16:26:40 Asia/Tokyo] PHP   1. {main}() /home/ubuntu/workspace/kadai-tasklist/server.php:0
[04-Jul-2017 16:26:40 Asia/Tokyo] PHP   2. require_once() /home/ubuntu/workspace/kadai-tasklist/server.php:21
[04-Jul-2017 16:26:40 Asia/Tokyo] PHP   3. Illuminate\Foundation\Http\Kernel->handle() /home/ubuntu/workspace/kadai-tasklist/public/index.php:54
[04-Jul-2017 16:26:40 Asia/Tokyo] PHP   4. Illuminate\Foundation\Http\Kernel->sendRequestThroughRouter() /home/ubuntu/workspace/kadai-tasklist/vendor/laravel/framework/src/Illuminate/Foundation/Http/Kernel.php:87
[04-Jul-2017 16:26:40 Asia/Tokyo] PHP   5. Illuminate\Pipeline\Pipeline->then() /home/ubuntu/workspace/kadai-tasklist/vendor/laravel/framework/src/Illuminate/Foundation/Http/Kernel.php:122
[04-Jul-2017 16:26:40 Asia/Tokyo] PHP   6. call_user_func:{/home/ubuntu/workspace/kadai-tasklist/vendor/laravel/framework/src/Illuminate/Pipeline/Pipeline.php:103}() /home/ubuntu/workspace/kadai-tasklist/vendor/laravel/framework/src/Illuminate/Pipeline/Pipeline.php:103
[04-Jul-2017 16:26:40 Asia/Tokyo] PHP   7. Illuminate\Pipeline\Pipeline->Illuminate\Pipeline\{closure}() /home/ubuntu/workspace/kadai-tasklist/vendor/laravel/framework/src/Illuminate/Pipeline/Pipeline.php:103
[04-Jul-2017 16:26:40 Asia/Tokyo] PHP   8. call_user_func_array:{/home/ubuntu/workspace/kadai-tasklist/vendor/laravel/framework/src/Illuminate/Pipeline/Pipeline.php:124}() /home/ubuntu/workspace/kadai-tasklist/vendor/laravel/framework/src/Illuminate/Pipeline/Pipeline.php:124
[04-Jul-2017 16:26:40 Asia/Tokyo] PHP   9. Illuminate\Foundation\Http\Middleware\CheckForMaintenanceMode->handle() /home/ubuntu/workspace/kadai-tasklist/vendor/laravel/framework/src/Illuminate/Pipeline/Pipeline.php:124
[04-Jul-2017 16:26:40 Asia/Tokyo] PHP  10. Illuminate\Pipeline\Pipeline->Illuminate\Pipeline\{closure}() /home/ubuntu/workspace/kadai-tasklist/vendor/laravel/framework/src/Illuminate/Foundation/Http/Middleware/CheckForMaintenanceMode.php:44
[04-Jul-2017 16:26:40 Asia/Tokyo] PHP  11. call_user_func_array:{/home/ubuntu/workspace/kadai-tasklist/vendor/laravel/framework/src/Illuminate/Pipeline/Pipeline.php:124}() /home/ubuntu/workspace/kadai-tasklist/vendor/laravel/framework/src/Illuminate/Pipeline/Pipeline.php:124
[04-Jul-2017 16:26:40 Asia/Tokyo] PHP  12. Illuminate\Cookie\Middleware\EncryptCookies->handle() /home/ubuntu/workspace/kadai-tasklist/vendor/laravel/framework/src/Illuminate/Pipeline/Pipeline.php:124
[04-Jul-2017 16:26:40 Asia/Tokyo] PHP  13. Illuminate\Pipeline\Pipeline->Illuminate\Pipeline\{closure}() /home/ubuntu/workspace/kadai-tasklist/vendor/laravel/framework/src/Illuminate/Cookie/Middleware/EncryptCookies.php:59
[04-Jul-2017 16:26:40 Asia/Tokyo] PHP  14. call_user_func_array:{/home/ubuntu/workspace/kadai-tasklist/vendor/laravel/framework/src/Illuminate/Pipeline/Pipeline.php:124}() /home/ubuntu/workspace/kadai-tasklist/vendor/laravel/framework/src/Illuminate/Pipeline/Pipeline.php:124
[04-Jul-2017 16:26:40 Asia/Tokyo] PHP  15. Illuminate\Cookie\Middleware\AddQueuedCookiesToResponse->handle() /home/ubuntu/workspace/kadai-tasklist/vendor/laravel/framework/src/Illuminate/Pipeline/Pipeline.php:124
[04-Jul-2017 16:26:40 Asia/Tokyo] PHP  16. Illuminate\Pipeline\Pipeline->Illuminate\Pipeline\{closure}() /home/ubuntu/workspace/kadai-tasklist/vendor/laravel/framework/src/Illuminate/Cookie/Middleware/AddQueuedCookiesToResponse.php:37
[04-Jul-2017 16:26:40 Asia/Tokyo] PHP  17. call_user_func_array:{/home/ubuntu/workspace/kadai-tasklist/vendor/laravel/framework/src/Illuminate/Pipeline/Pipeline.php:124}() /home/ubuntu/workspace/kadai-tasklist/vendor/laravel/framework/src/Illuminate/Pipeline/Pipeline.php:124
[04-Jul-2017 16:26:40 Asia/Tokyo] PHP  18. Illuminate\Session\Middleware\StartSession->handle() /home/ubuntu/workspace/kadai-tasklist/vendor/laravel/framework/src/Illuminate/Pipeline/Pipeline.php:124
[04-Jul-2017 16:26:40 Asia/Tokyo] PHP  19. Illuminate\Pipeline\Pipeline->Illuminate\Pipeline\{closure}() /home/ubuntu/workspace/kadai-tasklist/vendor/laravel/framework/src/Illuminate/Session/Middleware/StartSession.php:62
[04-Jul-2017 16:26:40 Asia/Tokyo] PHP  20. call_user_func_array:{/home/ubuntu/workspace/kadai-tasklist/vendor/laravel/framework/src/Illuminate/Pipeline/Pipeline.php:124}() /home/ubuntu/workspace/kadai-tasklist/vendor/laravel/framework/src/Illuminate/Pipeline/Pipeline.php:124
[04-Jul-2017 16:26:40 Asia/Tokyo] PHP  21. Illuminate\View\Middleware\ShareErrorsFromSession->handle() /home/ubuntu/workspace/kadai-tasklist/vendor/laravel/framework/src/Illuminate/Pipeline/Pipeline.php:124
[04-Jul-2017 16:26:40 Asia/Tokyo] PHP  22. Illuminate\Pipeline\Pipeline->Illuminate\Pipeline\{closure}() /home/ubuntu/workspace/kadai-tasklist/vendor/laravel/framework/src/Illuminate/View/Middleware/ShareErrorsFromSession.php:49
[04-Jul-2017 16:26:40 Asia/Tokyo] PHP  23. call_user_func_array:{/home/ubuntu/workspace/kadai-tasklist/vendor/laravel/framework/src/Illuminate/Pipeline/Pipeline.php:124}() /home/ubuntu/workspace/kadai-tasklist/vendor/laravel/framework/src/Illuminate/Pipeline/Pipeline.php:124
[04-Jul-2017 16:26:40 Asia/Tokyo] PHP  24. Illuminate\Foundation\Http\Middleware\VerifyCsrfToken->handle() /home/ubuntu/workspace/kadai-tasklist/vendor/laravel/framework/src/Illuminate/Pipeline/Pipeline.php:124
[04-Jul-2017 16:26:40 Asia/Tokyo] PHP  25. Illuminate\Pipeline\Pipeline->Illuminate\Pipeline\{closure}() /home/ubuntu/workspace/kadai-tasklist/vendor/laravel/framework/src/Illuminate/Foundation/Http/Middleware/VerifyCsrfToken.php:50
[04-Jul-2017 16:26:40 Asia/Tokyo] PHP  26. call_user_func:{/home/ubuntu/workspace/kadai-tasklist/vendor/laravel/framework/src/Illuminate/Pipeline/Pipeline.php:139}() /home/ubuntu/workspace/kadai-tasklist/vendor/laravel/framework/src/Illuminate/Pipeline/Pipeline.php:139
[04-Jul-2017 16:26:40 Asia/Tokyo] PHP  27. Illuminate\Foundation\Http\Kernel->Illuminate\Foundation\Http\{closure}() /home/ubuntu/workspace/kadai-tasklist/vendor/laravel/framework/src/Illuminate/Pipeline/Pipeline.php:139
[04-Jul-2017 16:26:40 Asia/Tokyo] PHP  28. Illuminate\Routing\Router->dispatch() /home/ubuntu/workspace/kadai-tasklist/vendor/laravel/framework/src/Illuminate/Foundation/Http/Kernel.php:236
[04-Jul-2017 16:26:40 Asia/Tokyo] PHP  29. Illuminate\Routing\Router->dispatchToRoute() /home/ubuntu/workspace/kadai-tasklist/vendor/laravel/framework/src/Illuminate/Routing/Router.php:635
[04-Jul-2017 16:26:40 Asia/Tokyo] PHP  30. Illuminate\Routing\Router->runRouteWithinStack() /home/ubuntu/workspace/kadai-tasklist/vendor/laravel/framework/src/Illuminate/Routing/Router.php:675
[04-Jul-2017 16:26:40 Asia/Tokyo] PHP  31. Illuminate\Pipeline\Pipeline->then() /home/ubuntu/workspace/kadai-tasklist/vendor/laravel/framework/src/Illuminate/Routing/Router.php:710
[04-Jul-2017 16:26:40 Asia/Tokyo] PHP  32. call_user_func:{/home/ubuntu/workspace/kadai-tasklist/vendor/laravel/framework/src/Illuminate/Pipeline/Pipeline.php:103}() /home/ubuntu/workspace/kadai-tasklist/vendor/laravel/framework/src/Illuminate/Pipeline/Pipeline.php:103
[04-Jul-2017 16:26:40 Asia/Tokyo] PHP  33. Illuminate\Pipeline\Pipeline->Illuminate\Pipeline\{closure}() /home/ubuntu/workspace/kadai-tasklist/vendor/laravel/framework/src/Illuminate/Pipeline/Pipeline.php:103
[04-Jul-2017 16:26:40 Asia/Tokyo] PHP  34. call_user_func:{/home/ubuntu/workspace/kadai-tasklist/vendor/laravel/framework/src/Illuminate/Pipeline/Pipeline.php:139}() /home/ubuntu/workspace/kadai-tasklist/vendor/laravel/framework/src/Illuminate/Pipeline/Pipeline.php:139
[04-Jul-2017 16:26:40 Asia/Tokyo] PHP  35. Illuminate\Routing\Router->Illuminate\Routing\{closure}() /home/ubuntu/workspace/kadai-tasklist/vendor/laravel/framework/src/Illuminate/Pipeline/Pipeline.php:139
[04-Jul-2017 16:26:40 Asia/Tokyo] PHP  36. Illuminate\Routing\Route->run() /home/ubuntu/workspace/kadai-tasklist/vendor/laravel/framework/src/Illuminate/Routing/Router.php:708
[04-Jul-2017 16:26:40 Asia/Tokyo] PHP  37. Illuminate\Routing\Route->runWithCustomDispatcher() /home/ubuntu/workspace/kadai-tasklist/vendor/laravel/framework/src/Illuminate/Routing/Route.php:134
[04-Jul-2017 16:26:40 Asia/Tokyo] PHP  38. Illuminate\Routing\ControllerDispatcher->dispatch() /home/ubuntu/workspace/kadai-tasklist/vendor/laravel/framework/src/Illuminate/Routing/Route.php:203
[04-Jul-2017 16:26:40 Asia/Tokyo] PHP  39. Illuminate\Routing\ControllerDispatcher->callWithinStack() /home/ubuntu/workspace/kadai-tasklist/vendor/laravel/framework/src/Illuminate/Routing/ControllerDispatcher.php:69
[04-Jul-2017 16:26:40 Asia/Tokyo] PHP  40. Illuminate\Pipeline\Pipeline->then() /home/ubuntu/workspace/kadai-tasklist/vendor/laravel/framework/src/Illuminate/Routing/ControllerDispatcher.php:114
[04-Jul-2017 16:26:40 Asia/Tokyo] PHP  41. call_user_func:{/home/ubuntu/workspace/kadai-tasklist/vendor/laravel/framework/src/Illuminate/Pipeline/Pipeline.php:103}() /home/ubuntu/workspace/kadai-tasklist/vendor/laravel/framework/src/Illuminate/Pipeline/Pipeline.php:103
[04-Jul-2017 16:26:40 Asia/Tokyo] PHP  42. Illuminate\Pipeline\Pipeline->Illuminate\Pipeline\{closure}() /home/ubuntu/workspace/kadai-tasklist/vendor/laravel/framework/src/Illuminate/Pipeline/Pipeline.php:103
[04-Jul-2017 16:26:40 Asia/Tokyo] PHP  43. call_user_func:{/home/ubuntu/workspace/kadai-tasklist/vendor/laravel/framework/src/Illuminate/Pipeline/Pipeline.php:139}() /home/ubuntu/workspace/kadai-tasklist/vendor/laravel/framework/src/Illuminate/Pipeline/Pipeline.php:139
[04-Jul-2017 16:26:40 Asia/Tokyo] PHP  44. Illuminate\Routing\ControllerDispatcher->Illuminate\Routing\{closure}() /home/ubuntu/workspace/kadai-tasklist/vendor/laravel/framework/src/Illuminate/Pipeline/Pipeline.php:139
[04-Jul-2017 16:26:40 Asia/Tokyo] PHP  45. Illuminate\Routing\ControllerDispatcher->call() /home/ubuntu/workspace/kadai-tasklist/vendor/laravel/framework/src/Illuminate/Routing/ControllerDispatcher.php:112
[04-Jul-2017 16:26:40 Asia/Tokyo] PHP  46. Illuminate\Routing\Controller->callAction() /home/ubuntu/workspace/kadai-tasklist/vendor/laravel/framework/src/Illuminate/Routing/ControllerDispatcher.php:164
[04-Jul-2017 16:26:40 Asia/Tokyo] PHP  47. call_user_func_array:{/home/ubuntu/workspace/kadai-tasklist/vendor/laravel/framework/src/Illuminate/Routing/Controller.php:256}() /home/ubuntu/workspace/kadai-tasklist/vendor/laravel/framework/src/Illuminate/Routing/Controller.php:256
[04-Jul-2017 16:26:40 Asia/Tokyo] PHP  48. App\Http\Controllers\tasksController->edit() /home/ubuntu/workspace/kadai-tasklist/vendor/laravel/framework/src/Illuminate/Routing/Controller.php:256
